<?xml version="1.0" encoding="UTF-8"?>
<testng-results skipped="0" failed="0" ignored="0" total="1" passed="1">
  <reporter-output>
  </reporter-output>
  <suite name="Suite" duration-ms="3449" started-at="2024-09-15T17:08:20Z" finished-at="2024-09-15T17:08:24Z">
    <groups>
    </groups>
    <test name="Test" duration-ms="3449" started-at="2024-09-15T17:08:20Z" finished-at="2024-09-15T17:08:24Z">
      <class name="apiChaining.ChainingExample">
        <test-method status="PASS" signature="test1()[pri:0, instance:apiChaining.ChainingExample@3dd3bcd]" name="test1" duration-ms="3431" started-at="2024-09-15T17:08:20Z" finished-at="2024-09-15T17:08:24Z">
          <reporter-output>
          </reporter-output>
        </test-method> <!-- test1 -->
      </class> <!-- apiChaining.ChainingExample -->
    </test> <!-- Test -->
  </suite> <!-- Suite -->
</testng-results>
