<?xml version="1.0" encoding="UTF-8"?>
<testng-results ignored="0" total="1" passed="1" failed="0" skipped="0">
  <reporter-output>
  </reporter-output>
  <suite started-at="2024-09-21T16:52:29Z" name="Default suite" finished-at="2024-09-21T16:52:31Z" duration-ms="2078">
    <groups>
    </groups>
    <test started-at="2024-09-21T16:52:29Z" name="Default test" finished-at="2024-09-21T16:52:31Z" duration-ms="2078">
      <class name="apiAuth.CreateTokenExample">
        <test-method signature="test1()[pri:0, instance:apiAuth.CreateTokenExample@63f259c3]" started-at="2024-09-21T16:52:29Z" name="test1" finished-at="2024-09-21T16:52:31Z" duration-ms="2059" status="PASS">
          <reporter-output>
          </reporter-output>
        </test-method> <!-- test1 -->
      </class> <!-- apiAuth.CreateTokenExample -->
    </test> <!-- Default test -->
  </suite> <!-- Default suite -->
</testng-results>
